<?xml version="1.0" encoding="UTF-8"?>
<!-- Generated by org.testng.reporters.JUnitReportReporter -->
<testsuite hostname="LAPTOP-768FV55N" name="org.tmsandbox.test.TMSandboxTest" tests="1" failures="0" timestamp="16 Jan 2020 16:31:03 GMT" time="4.885" errors="0">
  <testcase name="testCategoryTMSandbox" time="4.885" classname="org.tmsandbox.test.TMSandboxTest"/>
</testsuite> <!-- org.tmsandbox.test.TMSandboxTest -->
